// 重构日志: a0c65897
// 同步 ID: e3f6bc16 @ Fri Jul  3 17:22:48 UTC 2026
// 同步 ID: 1b8fb747 @ Sat Jul  4 05:15:41 UTC 2026
// 重构日志: 62fc06a2
// 同步 ID: 40297b97 @ Sat Jul  4 16:26:23 UTC 2026
// 同步 ID: 643f358a @ Sun Jul  5 11:56:19 UTC 2026
// 重构日志: baa62b0a
// 重构日志: ec4ca633
// 重构日志: 5f21cd63
// 重构日志: 46de6c06
// 同步 ID: fa4cfcb5 @ Fri Jul 10 12:11:37 UTC 2026
// 重构日志: ab02f533
// 同步 ID: 9e8b3c7d @ Fri Jul 10 18:12:25 UTC 2026
// 同步 ID: e3debf64 @ Sat Jul 11 15:54:34 UTC 2026
// 同步 ID: 23927a0d @ Sun Jul 12 07:58:21 UTC 2026
// 同步 ID: bb728435 @ Sun Jul 12 13:55:04 UTC 2026
// 同步 ID: bd061ea2 @ Tue Jul 14 12:00:37 UTC 2026
// 同步 ID: 021d037a @ Wed Jul 15 07:19:54 UTC 2026
// 同步 ID: a95c554b @ Wed Jul 15 12:13:50 UTC 2026
// 同步 ID: 1d15d7ef @ Thu Jul 16 09:29:54 UTC 2026
// 同步 ID: 7f4598bb @ Thu Jul 16 12:36:45 UTC 2026
// 同步 ID: 5d0b1104 @ Fri Jul 17 10:45:25 UTC 2026
// 重构日志: 2668b546
// 重构日志: 0f6be4bd
// 同步 ID: fb8c9bf3 @ Mon Jul 20 04:56:10 UTC 2026
// 同步 ID: cdfc8b47 @ Mon Jul 20 16:52:54 UTC 2026
// 同步 ID: 7eacd5db @ Tue Jul 21 13:06:36 UTC 2026
// 重构日志: 5f75e0da
// 重构日志: 4a5afbf4
// 同步 ID: 38ce46a6 @ Thu Jul 23 16:18:29 UTC 2026
